2025-09-14 17:14:58 DEBUG PackageRelationshipCollection:307 - Parsing relationship: /xl/_rels/workbook.xml.rels
2025-09-14 17:14:58 DEBUG PackageRelationshipCollection:307 - Parsing relationship: /xl/worksheets/_rels/sheet1.xml.rels
2025-09-14 17:14:58 DEBUG PackageRelationshipCollection:307 - Parsing relationship: /_rels/.rels
2025-09-14 17:15:08 INFO  BaseTest:28 - ------- TESTCASE 1 : REGISTER USER ----------
2025-09-14 17:15:08 INFO  BaseTest:35 - Home Page is displayed successfully
2025-09-14 17:15:09 INFO  BaseTest:39 - Navigated to Signup/Login page
2025-09-14 17:15:09 INFO  BaseTest:44 - Signup section is visible
2025-09-14 17:15:10 INFO  BaseTest:50 - Performed signup with username: users001 and email: users001@gmail.com
2025-09-14 17:15:10 INFO  BaseTest:55 - Account Information section is visible
2025-09-14 17:15:15 INFO  BaseTest:75 - Filled all account details and submitted the form
2025-09-14 17:15:15 INFO  BaseTest:80 - Account has been created successfully
2025-09-14 17:15:18 INFO  BaseTest:86 - User logged in successfully:Logged in as users001
2025-09-14 17:15:19 INFO  BaseTest:90 - Clicked on Delete Account button
2025-09-14 17:15:19 INFO  BaseTest:95 - Account has been deleted successfully
2025-09-14 17:15:24 INFO  BaseTest:28 - ------- TESTCASE 1 : REGISTER USER ----------
2025-09-14 17:15:24 INFO  BaseTest:35 - Home Page is displayed successfully
2025-09-14 17:15:25 INFO  BaseTest:39 - Navigated to Signup/Login page
2025-09-14 17:15:25 INFO  BaseTest:44 - Signup section is visible
2025-09-14 17:15:26 INFO  BaseTest:50 - Performed signup with username: users002 and email: users002@gmail.com
2025-09-14 17:15:27 INFO  BaseTest:55 - Account Information section is visible
2025-09-14 17:15:31 INFO  BaseTest:75 - Filled all account details and submitted the form
2025-09-14 17:15:31 INFO  BaseTest:80 - Account has been created successfully
2025-09-14 17:15:33 INFO  BaseTest:86 - User logged in successfully:Logged in as users002
2025-09-14 17:15:34 INFO  BaseTest:90 - Clicked on Delete Account button
2025-09-14 17:15:34 INFO  BaseTest:95 - Account has been deleted successfully
2025-09-14 17:15:40 INFO  BaseTest:28 - ------- TESTCASE 1 : REGISTER USER ----------
2025-09-14 17:15:40 INFO  BaseTest:35 - Home Page is displayed successfully
2025-09-14 17:15:40 INFO  BaseTest:39 - Navigated to Signup/Login page
2025-09-14 17:15:41 INFO  BaseTest:44 - Signup section is visible
2025-09-14 17:15:42 INFO  BaseTest:50 - Performed signup with username: users003 and email: users003@gmail.com
2025-09-14 17:15:42 INFO  BaseTest:55 - Account Information section is visible
2025-09-14 17:15:47 INFO  BaseTest:75 - Filled all account details and submitted the form
2025-09-14 17:15:47 INFO  BaseTest:80 - Account has been created successfully
2025-09-14 17:15:50 INFO  BaseTest:86 - User logged in successfully:Logged in as users003
2025-09-14 17:15:51 INFO  BaseTest:90 - Clicked on Delete Account button
2025-09-14 17:15:51 INFO  BaseTest:95 - Account has been deleted successfully
2025-09-14 17:15:53 DEBUG PackageRelationshipCollection:307 - Parsing relationship: /xl/_rels/workbook.xml.rels
2025-09-14 17:15:53 DEBUG PackageRelationshipCollection:307 - Parsing relationship: /xl/worksheets/_rels/sheet1.xml.rels
2025-09-14 17:15:53 DEBUG PackageRelationshipCollection:307 - Parsing relationship: /_rels/.rels
2025-09-14 17:15:57 INFO  BaseTest:37 - ------- TESTCASE 2 : LOGIN USER WITH  CORRECT EMAIL AND  PASSWORD ----------
2025-09-14 17:15:57 INFO  BaseTest:42 - Home Page is displayed successfully
2025-09-14 17:15:57 INFO  BaseTest:46 - Navigated to Signup/Login page
2025-09-14 17:15:58 INFO  BaseTest:52 - Login section is visible
2025-09-14 17:15:58 INFO  BaseTest:59 - fill details and clicked on login button
2025-09-14 17:16:00 INFO  BaseTest:65 - User logged in successfully: Logged in as users7
2025-09-14 17:16:01 INFO  BaseTest:69 - Clicked on Delete Account button
2025-09-14 17:16:01 INFO  BaseTest:73 - Account has been deleted successfully
2025-09-14 17:16:05 INFO  BaseTest:37 - ------- TESTCASE 2 : LOGIN USER WITH  CORRECT EMAIL AND  PASSWORD ----------
2025-09-14 17:16:05 INFO  BaseTest:42 - Home Page is displayed successfully
2025-09-14 17:16:06 INFO  BaseTest:46 - Navigated to Signup/Login page
2025-09-14 17:16:06 INFO  BaseTest:52 - Login section is visible
2025-09-14 17:16:12 INFO  BaseTest:59 - fill details and clicked on login button
2025-09-14 17:16:12 INFO  BaseTest:65 - User logged in successfully: Logged in as users10
2025-09-14 17:16:13 INFO  BaseTest:69 - Clicked on Delete Account button
2025-09-14 17:16:13 INFO  BaseTest:73 - Account has been deleted successfully
2025-09-14 17:16:18 INFO  BaseTest:22 - ------- TESTCASE 3 : LOGIN USER WITH  INCORRECT EMAIL AND  PASSWORD ----------
2025-09-14 17:16:18 INFO  BaseTest:27 - Home Page is displayed successfully
2025-09-14 17:16:19 INFO  BaseTest:31 - Navigated to Signup/Login page
2025-09-14 17:16:19 INFO  BaseTest:37 - Login section is visible
2025-09-14 17:16:20 INFO  BaseTest:44 - fill details and clicked on login button
2025-09-14 17:16:24 INFO  BaseTest:24 - ------- TESTCASE 4 : LOGOUT USER  ----------
2025-09-14 17:16:24 INFO  BaseTest:28 - Home Page is displayed successfully
2025-09-14 17:16:25 INFO  BaseTest:30 - Navigated to Signup/Login page
2025-09-14 17:16:25 INFO  BaseTest:35 - Login Page is displayed successfully
2025-09-14 17:16:26 INFO  BaseTest:39 - Entered credentials and clicked Login button
2025-09-14 17:16:28 INFO  BaseTest:45 - User logged in successfully as: Logged in as users9
2025-09-14 17:16:29 INFO  BaseTest:47 - User clicked Logout button
2025-09-14 17:16:29 INFO  BaseTest:51 - Successfully navigated back to Login Page after logout
2025-09-14 17:16:32 INFO  BaseTest:18 - ------- TESTCASE 5 : REGISTER USER with Existing mail ----------
2025-09-14 17:16:32 INFO  BaseTest:25 - Home Page is displayed successfully
2025-09-14 17:16:33 INFO  BaseTest:29 - Navigated to Signup/Login page
2025-09-14 17:16:33 INFO  BaseTest:34 - Signup section is visible
2025-09-14 17:16:34 INFO  BaseTest:41 - Performed signup with username: users9 and email: users9@gmail.com
2025-09-14 17:16:37 INFO  BaseTest:19 - ------- TESTCASE 6 : CONTACT US FORM ----------
2025-09-14 17:16:37 INFO  BaseTest:24 - Home Page is displayed successfully
2025-09-14 17:16:42 INFO  BaseTest:27 - Navigated to Contact Us page
2025-09-14 17:16:42 INFO  BaseTest:32 - Contact Us Page is displayed successfully
2025-09-14 17:16:43 INFO  BaseTest:45 - Entered contact details in the form
2025-09-14 17:16:43 INFO  BaseTest:49 - Submitted the form and handled alert
2025-09-14 17:16:43 INFO  BaseTest:53 - Contact form submitted successfully
2025-09-14 17:16:46 INFO  BaseTest:58 - Successfully navigated back to Home Page
2025-09-14 17:17:10 INFO  BaseTest:19 - ------- TESTCASE 6 : CONTACT US FORM ----------
2025-09-14 17:17:11 INFO  BaseTest:24 - Home Page is displayed successfully
2025-09-14 17:17:13 INFO  BaseTest:27 - Navigated to Contact Us page
2025-09-14 17:17:13 INFO  BaseTest:32 - Contact Us Page is displayed successfully
2025-09-14 17:17:14 INFO  BaseTest:45 - Entered contact details in the form
2025-09-14 17:17:14 INFO  BaseTest:49 - Submitted the form and handled alert
2025-09-14 17:17:14 INFO  BaseTest:53 - Contact form submitted successfully
2025-09-14 17:17:17 INFO  BaseTest:58 - Successfully navigated back to Home Page
2025-09-14 17:17:20 INFO  BaseTest:19 - ------- TESTCASE 6 : CONTACT US FORM ----------
2025-09-14 17:17:20 INFO  BaseTest:24 - Home Page is displayed successfully
2025-09-14 17:17:21 INFO  BaseTest:27 - Navigated to Contact Us page
2025-09-14 17:17:21 INFO  BaseTest:32 - Contact Us Page is displayed successfully
2025-09-14 17:17:22 INFO  BaseTest:45 - Entered contact details in the form
2025-09-14 17:17:22 INFO  BaseTest:49 - Submitted the form and handled alert
2025-09-14 17:17:23 INFO  BaseTest:53 - Contact form submitted successfully
2025-09-14 17:17:24 INFO  BaseTest:58 - Successfully navigated back to Home Page
2025-09-14 17:17:26 INFO  BaseTest:19 - ------- TESTCASE 7 : VERIFY TESTCASE PAGE ----------
2025-09-14 17:17:27 INFO  BaseTest:24 - Home Page is displayed successfully
2025-09-14 17:17:28 INFO  BaseTest:27 - Navigated to Test Case page
2025-09-14 17:17:29 INFO  BaseTest:32 - Test Case Page is displayed successfully
2025-09-14 17:17:33 INFO  BaseTest:21 - ------- TESTCASE 8 : VERIFY ALL PRODUCTS AND PRODUCT DETAIL PAGE ----------
2025-09-14 17:17:33 INFO  BaseTest:28 - Home Page is displayed successfully
2025-09-14 17:17:35 INFO  BaseTest:34 - Clicked on 'Products' menu
2025-09-14 17:17:35 INFO  BaseTest:40 - Products Page is visible successfully
2025-09-14 17:17:35 INFO  BaseTest:47 - Product list is displayed successfully
2025-09-14 17:17:37 INFO  BaseTest:51 - Clicked on 'View Product' for a product
2025-09-14 17:17:37 INFO  BaseTest:55 - Product Details Page is visible successfully
2025-09-14 17:17:37 INFO  BaseTest:59 - Product name is visible
2025-09-14 17:17:37 INFO  BaseTest:62 - Product category is visible
2025-09-14 17:17:37 INFO  BaseTest:65 - Product cost is visible
2025-09-14 17:17:37 INFO  BaseTest:68 - Product availability is visible
2025-09-14 17:17:37 INFO  BaseTest:71 - Product condition is visible
2025-09-14 17:17:37 INFO  BaseTest:74 - Product brand is visible
2025-09-14 17:17:40 INFO  BaseTest:19 - ------- TESTCASE 9 : SEARCH PRODUCT PAGE ----------
2025-09-14 17:17:40 INFO  BaseTest:26 - Home Page is displayed successfully
2025-09-14 17:17:43 INFO  BaseTest:31 - Clicked on 'Products' menu
2025-09-14 17:17:43 INFO  BaseTest:37 - Products Page is visible successfully
2025-09-14 17:17:45 INFO  BaseTest:46 - Search results are visible
2025-09-14 17:17:45 INFO  BaseTest:49 - Products are visible after search
2025-09-14 17:17:45 INFO  BaseTest:58 - Product related to search are visible
2025-09-14 17:17:48 INFO  BaseTest:19 - ------- TESTCASE 9 : SEARCH PRODUCT PAGE ----------
2025-09-14 17:17:48 INFO  BaseTest:26 - Home Page is displayed successfully
2025-09-14 17:17:50 INFO  BaseTest:31 - Clicked on 'Products' menu
2025-09-14 17:17:50 INFO  BaseTest:37 - Products Page is visible successfully
2025-09-14 17:17:52 INFO  BaseTest:46 - Search results are visible
2025-09-14 17:17:53 INFO  BaseTest:49 - Products are visible after search
2025-09-14 17:17:53 INFO  BaseTest:58 - Product related to search are visible
2025-09-14 17:17:56 INFO  BaseTest:17 - ------- TESTCASE 10 : VERIFY SUBSCRIPTION IN HOME PAGE ----------
2025-09-14 17:17:56 INFO  BaseTest:22 - Home Page is displayed successfully
2025-09-14 17:17:56 INFO  BaseTest:27 - Entered subscription email: usersname3@gmail.com
2025-09-14 17:17:56 INFO  BaseTest:31 - Clicked on 'Subscribe' button
2025-09-14 17:17:56 INFO  BaseTest:35 - Subscription success message displayed successfully for email: usersname3@gmail.com
